05/24/2024 06:44:28 PM INFO BEGIN (implicit)
05/24/2024 06:44:28 PM INFO PRAGMA main.table_info("ETT_H_1")
05/24/2024 06:44:28 PM INFO [raw sql] ()
05/24/2024 06:44:28 PM INFO PRAGMA temp.table_info("ETT_H_1")
05/24/2024 06:44:28 PM INFO [raw sql] ()
05/24/2024 06:44:28 PM INFO PRAGMA main.table_info("ETT_H_2")
05/24/2024 06:44:28 PM INFO [raw sql] ()
05/24/2024 06:44:28 PM INFO PRAGMA temp.table_info("ETT_H_2")
05/24/2024 06:44:28 PM INFO [raw sql] ()
05/24/2024 06:44:28 PM INFO PRAGMA main.table_info("ETT_M_1")
05/24/2024 06:44:28 PM INFO [raw sql] ()
05/24/2024 06:44:28 PM INFO PRAGMA temp.table_info("ETT_M_1")
05/24/2024 06:44:28 PM INFO [raw sql] ()
05/24/2024 06:44:28 PM INFO PRAGMA main.table_info("ETT_M_2")
05/24/2024 06:44:28 PM INFO [raw sql] ()
05/24/2024 06:44:28 PM INFO PRAGMA temp.table_info("ETT_M_2")
05/24/2024 06:44:28 PM INFO [raw sql] ()
05/24/2024 06:44:28 PM INFO 
CREATE TABLE "ETT_H_1" (
	"Index" INTEGER NOT NULL, 
	date FLOAT, 
	"HUFL" FLOAT, 
	"HULL" FLOAT, 
	"MUFL" FLOAT, 
	"MULL" FLOAT, 
	"LUFL" FLOAT, 
	"LULL" FLOAT, 
	"OT" FLOAT, 
	PRIMARY KEY ("Index")
)


05/24/2024 06:44:28 PM INFO [no key 0.00009s] ()
05/24/2024 06:44:28 PM INFO 
CREATE TABLE "ETT_H_2" (
	"Index" INTEGER NOT NULL, 
	date FLOAT, 
	"HUFL" FLOAT, 
	"HULL" FLOAT, 
	"MUFL" FLOAT, 
	"MULL" FLOAT, 
	"LUFL" FLOAT, 
	"LULL" FLOAT, 
	"OT" FLOAT, 
	PRIMARY KEY ("Index")
)


05/24/2024 06:44:28 PM INFO [no key 0.00013s] ()
05/24/2024 06:44:28 PM INFO 
CREATE TABLE "ETT_M_1" (
	"Index" INTEGER NOT NULL, 
	date FLOAT, 
	"HUFL" FLOAT, 
	"HULL" FLOAT, 
	"MUFL" FLOAT, 
	"MULL" FLOAT, 
	"LUFL" FLOAT, 
	"LULL" FLOAT, 
	"OT" FLOAT, 
	PRIMARY KEY ("Index")
)


05/24/2024 06:44:28 PM INFO [no key 0.00014s] ()
05/24/2024 06:44:28 PM INFO 
CREATE TABLE "ETT_M_2" (
	"Index" INTEGER NOT NULL, 
	date FLOAT, 
	"HUFL" FLOAT, 
	"HULL" FLOAT, 
	"MUFL" FLOAT, 
	"MULL" FLOAT, 
	"LUFL" FLOAT, 
	"LULL" FLOAT, 
	"OT" FLOAT, 
	PRIMARY KEY ("Index")
)


05/24/2024 06:44:28 PM INFO [no key 0.00014s] ()
05/24/2024 06:44:28 PM INFO COMMIT
05/24/2024 06:48:34 PM INFO BEGIN (implicit)
05/24/2024 06:48:34 PM INFO PRAGMA main.table_info("ETT_H_1")
05/24/2024 06:48:34 PM INFO [raw sql] ()
05/24/2024 06:48:35 PM INFO INSERT INTO "ETT_H_1" ("index", date, "HUFL", "HULL", "MUFL", "MULL", "LUFL", "LULL", "OT") VALUES (?, ?, ?, ?, ?, ?, ?, ?, ?)
05/24/2024 06:48:35 PM INFO [generated in 0.36793s] [(0, '2016-07-01 00:00:00', 41.13000106811523, 12.480999946594238, 36.5359992980957, 9.354999542236328, 4.423999786376953, 1.3109999895095823, 38.6619987487793), (1, '2016-07-01 00:15:00', 39.62200164794922, 11.309000015258787, 35.54399871826172, 8.550999641418457, 3.2090001106262207, 1.2580000162124634, 38.22299957275391), (2, '2016-07-01 00:30:00', 38.86800003051758, 10.55500030517578, 34.365001678466804, 7.585999965667725, 4.434999942779541, 1.2580000162124634, 37.34400177001953), (3, '2016-07-01 00:45:00', 35.518001556396484, 9.21399974822998, 32.569000244140625, 8.711999893188478, 4.434999942779541, 1.2150000333786009, 37.124000549316406), (4, '2016-07-01 01:00:00', 37.52799987792969, 10.13599967956543, 33.93600082397461, 7.532000064849853, 4.434999942779541, 1.2150000333786009, 37.124000549316406), (5, '2016-07-01 01:15:00', 37.61199951171875, 10.303000450134276, 33.21200180053711, 7.532000064849853, 3.913000106811523, 1.3009999990463257, 36.90399932861328), (6, '2016-07-01 01:30:00', 36.27199935913086, 9.465999603271484, 32.91699981689453, 7.210999965667725, 3.913000106811523, 0.0, 36.90399932861328), (7, '2016-07-01 01:45:00', 32.75299835205078, 7.874000072479247, 30.7189998626709, 6.2729997634887695, 2.0999999046325684, 0.0, 36.46500015258789)  ... displaying 10 of 69680 total bound parameter sets ...  (69678, '2018-06-26 19:30:00', 40.459999084472656, 11.392000198364258, 51.84199905395508, 11.928999900817873, -11.53600025177002, -1.4179999828338623, 45.54650115966797), (69679, '2018-06-26 19:45:00', 43.2239990234375, 12.145999908447266, 54.73699951171875, 12.678999900817873, -11.53600025177002, -1.4179999828338623, 45.32699966430664)]
05/24/2024 06:48:35 PM INFO SELECT name FROM sqlite_master WHERE type='table' AND name NOT LIKE 'sqlite~_%' ESCAPE '~' ORDER BY name
05/24/2024 06:48:35 PM INFO [raw sql] ()
05/24/2024 06:48:35 PM INFO COMMIT
05/24/2024 06:48:35 PM INFO BEGIN (implicit)
05/24/2024 06:48:35 PM INFO PRAGMA main.table_info("ETT_H_2")
05/24/2024 06:48:35 PM INFO [raw sql] ()
05/24/2024 06:48:35 PM INFO INSERT INTO "ETT_H_2" ("index", date, "HUFL", "HULL", "MUFL", "MULL", "LUFL", "LULL", "OT") VALUES (?, ?, ?, ?, ?, ?, ?, ?, ?)
05/24/2024 06:48:35 PM INFO [generated in 0.09100s] [(0, '2016-07-01 00:00:00', 41.13000106811523, 12.480999946594238, 36.5359992980957, 9.354999542236328, 4.423999786376953, 1.3109999895095823, 38.6619987487793), (1, '2016-07-01 01:00:00', 37.52799987792969, 10.13599967956543, 33.93600082397461, 7.532000064849853, 4.434999942779541, 1.2150000333786009, 37.124000549316406), (2, '2016-07-01 02:00:00', 37.946998596191406, 11.309000015258787, 35.33000183105469, 9.006999969482422, 2.0999999046325684, 0.0, 36.46500015258789), (3, '2016-07-01 03:00:00', 38.95199966430664, 11.895000457763672, 35.54399871826172, 9.435999870300291, 3.380000114440918, 1.2150000333786009, 33.60850143432617), (4, '2016-07-01 04:00:00', 38.11399841308594, 11.47599983215332, 35.40999984741211, 9.623000144958496, 2.0360000133514404, 0.0, 31.850500106811523), (5, '2016-07-01 05:00:00', 36.77399826049805, 10.973999977111816, 34.928001403808594, 9.248000144958496, 2.0360000133514404, 0.0, 30.53199958801269), (6, '2016-07-01 06:00:00', 39.0359992980957, 11.810999870300291, 37.15299987792969, 10.07900047302246, 2.0360000133514404, 0.0, 30.093000411987305), (7, '2016-07-01 07:00:00', 39.37099838256836, 11.309000015258787, 36.5359992980957, 9.409000396728516, 2.068000078201294, 0.0, 29.87299919128418)  ... displaying 10 of 17420 total bound parameter sets ...  (17418, '2018-06-26 18:00:00', 43.64300155639648, 13.402999877929688, 54.73699951171875, 13.777999877929688, -10.298999786376951, -1.4179999828338623, 46.865501403808594), (17419, '2018-06-26 19:00:00', 38.86800003051758, 10.052000045776367, 49.85900115966797, 10.668999671936035, -11.524999618530272, -1.4179999828338623, 45.98649978637695)]
05/24/2024 06:48:35 PM INFO SELECT name FROM sqlite_master WHERE type='table' AND name NOT LIKE 'sqlite~_%' ESCAPE '~' ORDER BY name
05/24/2024 06:48:35 PM INFO [raw sql] ()
05/24/2024 06:48:35 PM INFO COMMIT
05/24/2024 06:48:35 PM INFO BEGIN (implicit)
05/24/2024 06:48:35 PM INFO PRAGMA main.table_info("ETT_M_1")
05/24/2024 06:48:35 PM INFO [raw sql] ()
05/24/2024 06:48:35 PM INFO INSERT INTO "ETT_M_1" ("index", date, "HUFL", "HULL", "MUFL", "MULL", "LUFL", "LULL", "OT") VALUES (?, ?, ?, ?, ?, ?, ?, ?, ?)
05/24/2024 06:48:35 PM INFO [generated in 0.14636s] [(0, '2016-07-01 00:00:00', 5.827000141143799, 2.009000062942505, 1.5989999771118164, 0.4620000123977661, 4.203000068664552, 1.3400000333786009, 30.5310001373291), (1, '2016-07-01 01:00:00', 5.692999839782715, 2.075999975204468, 1.4919999837875366, 0.4259999990463257, 4.142000198364259, 1.371000051498413, 27.78700065612793), (2, '2016-07-01 02:00:00', 5.1570000648498535, 1.741000056266785, 1.2790000438690186, 0.3549999892711639, 3.776999950408936, 1.218000054359436, 27.78700065612793), (3, '2016-07-01 03:00:00', 5.090000152587892, 1.9420000314712524, 1.2790000438690186, 0.3910000026226044, 3.806999921798706, 1.2790000438690186, 25.04400062561035), (4, '2016-07-01 04:00:00', 5.357999801635742, 1.9420000314712524, 1.4919999837875366, 0.4620000123977661, 3.868000030517578, 1.2790000438690186, 21.947999954223643), (5, '2016-07-01 05:00:00', 5.625999927520752, 2.1429998874664307, 1.5279999971389768, 0.5329999923706055, 4.051000118255615, 1.371000051498413, 21.173999786376957), (6, '2016-07-01 06:00:00', 7.166999816894531, 2.9470000267028813, 2.131999969482422, 0.7820000052452087, 5.026000022888184, 1.8580000400543213, 22.79199981689453), (7, '2016-07-01 07:00:00', 7.434999942779541, 3.282000064849853, 2.309999942779541, 1.031000018119812, 5.086999893188477, 2.2239999771118164, 23.143999099731445)  ... displaying 10 of 17420 total bound parameter sets ...  (17418, '2018-06-26 18:00:00', 9.243000030517578, 3.818000078201294, 5.4720001220703125, 2.0969998836517334, 3.6549999713897705, 1.4320000410079956, 9.777999877929688), (17419, '2018-06-26 19:00:00', 10.11400032043457, 3.549999952316284, 6.183000087738037, 1.5640000104904177, 3.7160000801086426, 1.462000012397766, 9.56700038909912)]
05/24/2024 06:48:35 PM INFO SELECT name FROM sqlite_master WHERE type='table' AND name NOT LIKE 'sqlite~_%' ESCAPE '~' ORDER BY name
05/24/2024 06:48:35 PM INFO [raw sql] ()
05/24/2024 06:48:35 PM INFO COMMIT
05/24/2024 06:48:35 PM INFO BEGIN (implicit)
05/24/2024 06:48:35 PM INFO PRAGMA main.table_info("ETT_M_2")
05/24/2024 06:48:35 PM INFO [raw sql] ()
05/24/2024 06:48:36 PM INFO INSERT INTO "ETT_M_2" ("index", date, "HUFL", "HULL", "MUFL", "MULL", "LUFL", "LULL", "OT") VALUES (?, ?, ?, ?, ?, ?, ?, ?, ?)
05/24/2024 06:48:36 PM INFO [generated in 0.42436s] [(0, '2016-07-01 00:00:00', 5.827000141143799, 2.009000062942505, 1.5989999771118164, 0.4620000123977661, 4.203000068664552, 1.3400000333786009, 30.5310001373291), (1, '2016-07-01 00:15:00', 5.760000228881836, 2.075999975204468, 1.4919999837875366, 0.4259999990463257, 4.263999938964844, 1.4010000228881836, 30.459999084472656), (2, '2016-07-01 00:30:00', 5.760000228881836, 1.9420000314712524, 1.4919999837875366, 0.3910000026226044, 4.234000205993652, 1.309999942779541, 30.038000106811523), (3, '2016-07-01 00:45:00', 5.760000228881836, 1.9420000314712524, 1.4919999837875366, 0.4259999990463257, 4.234000205993652, 1.309999942779541, 27.01300048828125), (4, '2016-07-01 01:00:00', 5.692999839782715, 2.075999975204468, 1.4919999837875366, 0.4259999990463257, 4.142000198364259, 1.371000051498413, 27.78700065612793), (5, '2016-07-01 01:15:00', 5.492000102996826, 1.9420000314712524, 1.4570000171661377, 0.3910000026226044, 4.111999988555908, 1.2790000438690186, 27.71699905395508), (6, '2016-07-01 01:30:00', 5.357999801635742, 1.875, 1.350000023841858, 0.3549999892711639, 3.928999900817871, 1.3400000333786009, 27.645999908447266), (7, '2016-07-01 01:45:00', 5.1570000648498535, 1.807999968528748, 1.350000023841858, 0.3199999928474426, 3.806999921798706, 1.2790000438690186, 27.083999633789062)  ... displaying 10 of 69680 total bound parameter sets ...  (69678, '2018-06-26 19:30:00', 11.654999732971191, 3.617000102996826, 7.532999992370605, 1.7059999704360962, 4.172999858856201, 1.5230000019073486, 9.425999641418455), (69679, '2018-06-26 19:45:00', 12.994000434875488, 3.818000078201294, 8.244000434875487, 1.7769999504089355, 4.7210001945495605, 1.5230000019073486, 9.777999877929688)]
05/24/2024 06:48:36 PM INFO SELECT name FROM sqlite_master WHERE type='table' AND name NOT LIKE 'sqlite~_%' ESCAPE '~' ORDER BY name
05/24/2024 06:48:36 PM INFO [raw sql] ()
05/24/2024 06:48:36 PM INFO COMMIT
05/24/2024 06:50:23 PM INFO BEGIN (implicit)
05/24/2024 06:50:23 PM INFO SELECT "ETT_H_1"."Index", "ETT_H_1".date, "ETT_H_1"."HUFL", "ETT_H_1"."HULL", "ETT_H_1"."MUFL", "ETT_H_1"."MULL", "ETT_H_1"."LUFL", "ETT_H_1"."LULL", "ETT_H_1"."OT" 
FROM "ETT_H_1" 
WHERE "ETT_H_1".date IN (?)
05/24/2024 06:50:23 PM INFO [generated in 0.00024s] ('2016-07-01 01:00:00',)
